<?xml version="1.0" encoding="UTF-8" ?>
<testsuite tests="2" failures="0" name="com.infofromquel.APP" time="6.87" errors="0" skipped="1">
  <properties>
    <property name="java.runtime.name" value="Java(TM) SE Runtime Environment"/>
    <property name="sun.boot.library.path" value="C:\Program Files\Java\jdk1.8.0_141\jre\bin"/>
    <property name="java.vm.version" value="25.141-b15"/>
    <property name="user.country.format" value="UA"/>
    <property name="java.vm.vendor" value="Oracle Corporation"/>
    <property name="java.vendor.url" value="http://java.oracle.com/"/>
    <property name="path.separator" value=";"/>
    <property name="java.vm.name" value="Java HotSpot(TM) 64-Bit Server VM"/>
    <property name="file.encoding.pkg" value="sun.io"/>
    <property name="user.script" value=""/>
    <property name="user.country" value="RU"/>
    <property name="sun.java.launcher" value="SUN_STANDARD"/>
    <property name="sun.os.patch.level" value=""/>
    <property name="java.vm.specification.name" value="Java Virtual Machine Specification"/>
    <property name="user.dir" value="Q:\work\InfoFromQuel\infoFromQuel"/>
    <property name="java.runtime.version" value="1.8.0_141-b15"/>
    <property name="java.awt.graphicsenv" value="sun.awt.Win32GraphicsEnvironment"/>
    <property name="basedir" value="Q:\work\InfoFromQuel\infoFromQuel"/>
    <property name="java.endorsed.dirs" value="C:\Program Files\Java\jdk1.8.0_141\jre\lib\endorsed"/>
    <property name="os.arch" value="amd64"/>
    <property name="surefire.real.class.path" value="Q:\work\InfoFromQuel\infoFromQuel\target\surefire\surefirebooter6631807984608841872.jar"/>
    <property name="java.io.tmpdir" value="C:\Users\quelz\AppData\Local\Temp\"/>
    <property name="line.separator" value="
"/>
    <property name="java.vm.specification.vendor" value="Oracle Corporation"/>
    <property name="user.variant" value=""/>
    <property name="os.name" value="Windows 10"/>
    <property name="sun.jnu.encoding" value="Cp1251"/>
    <property name="java.library.path" value="C:\Program Files\Java\jdk1.8.0_141\jre\bin;C:\WINDOWS\Sun\Java\bin;C:\WINDOWS\system32;C:\WINDOWS;C:\Program Files (x86)\Common Files\Oracle\Java\javapath;Q:\oracle_db\product\12.2.0\dbhome_1\bin;Q:\oracle\sowtware\bin;C:\ProgramData\Oracle\Java\javapath;C:\Program Files (x86)\Intel\iCLS Client\;C:\Program Files\Intel\iCLS Client\;C:\Windows\system32;C:\Windows;C:\Windows\System32\Wbem;C:\Windows\System32\WindowsPowerShell\v1.0\;C:\Program Files (x86)\NVIDIA Corporation\PhysX\Common;C:\Program Files (x86)\Intel\Intel(R) Management Engine Components\DAL;C:\Program Files\Intel\Intel(R) Management Engine Components\DAL;C:\Program Files (x86)\Intel\Intel(R) Management Engine Components\IPT;C:\Program Files\Intel\Intel(R) Management Engine Components\IPT;C:\Program Files (x86)\Skype\Phone\;C:\Program Files (x86)\Sennheiser\SoftphoneSDK\;C:\Program Files\TortoiseSVN\bin;Q:\Program Files\PuTTY\;Q:\Program Files\Git\cmd;C:\WINDOWS\system32;C:\WINDOWS;C:\WINDOWS\System32\Wbem;C:\WINDOWS\System32\WindowsPowerShell\v1.0\;C:\Program Files\Intel\WiFi\bin\;C:\Program Files\Common Files\Intel\WirelessCommon\;C:\WINDOWS\System32\OpenSSH\;C:\Program Files\nodejs\;C:\Program Files\TortoiseGit\bin;C:\Users\quelz\AppData\Local\Microsoft\WindowsApps;C:\Program Files\Intel\WiFi\bin\;C:\Program Files\Common Files\Intel\WirelessCommon\;C:\Program Files\Java\jdk1.8.0_141\bin;Q:\downloads\apache-maven-3.5.3\bin;Q:\downloads\groovy\groovy-2.4.12\bin;C:\Users\quelz\AppData\Roaming\npm;Q:\downloads\openshift-origin-3;;."/>
    <property name="surefire.test.class.path" value="Q:\work\InfoFromQuel\infoFromQuel\target\test-classes;Q:\work\InfoFromQuel\infoFromQuel\target\classes;C:\Users\quelz\.m2\repository\junit\junit\4.12\junit-4.12.jar;C:\Users\quelz\.m2\repository\org\hamcrest\hamcrest-core\1.3\hamcrest-core-1.3.jar;C:\Users\quelz\.m2\repository\org\mockito\mockito-core\2.20.0\mockito-core-2.20.0.jar;C:\Users\quelz\.m2\repository\net\bytebuddy\byte-buddy\1.8.13\byte-buddy-1.8.13.jar;C:\Users\quelz\.m2\repository\net\bytebuddy\byte-buddy-agent\1.8.13\byte-buddy-agent-1.8.13.jar;C:\Users\quelz\.m2\repository\org\objenesis\objenesis\2.6\objenesis-2.6.jar;C:\Users\quelz\.m2\repository\org\springframework\spring-test\3.2.4.RELEASE\spring-test-3.2.4.RELEASE.jar;C:\Users\quelz\.m2\repository\com\fasterxml\jackson\core\jackson-databind\2.9.5\jackson-databind-2.9.5.jar;C:\Users\quelz\.m2\repository\com\fasterxml\jackson\core\jackson-annotations\2.9.0\jackson-annotations-2.9.0.jar;C:\Users\quelz\.m2\repository\com\fasterxml\jackson\core\jackson-core\2.9.5\jackson-core-2.9.5.jar;C:\Users\quelz\.m2\repository\org\springframework\spring-core\5.0.6.RELEASE\spring-core-5.0.6.RELEASE.jar;C:\Users\quelz\.m2\repository\org\springframework\spring-jcl\5.0.6.RELEASE\spring-jcl-5.0.6.RELEASE.jar;C:\Users\quelz\.m2\repository\org\springframework\spring-context\5.0.6.RELEASE\spring-context-5.0.6.RELEASE.jar;C:\Users\quelz\.m2\repository\org\springframework\spring-aop\5.0.6.RELEASE\spring-aop-5.0.6.RELEASE.jar;C:\Users\quelz\.m2\repository\org\springframework\spring-beans\5.0.6.RELEASE\spring-beans-5.0.6.RELEASE.jar;C:\Users\quelz\.m2\repository\org\springframework\spring-expression\5.0.6.RELEASE\spring-expression-5.0.6.RELEASE.jar;C:\Users\quelz\.m2\repository\org\springframework\spring-webmvc\5.0.6.RELEASE\spring-webmvc-5.0.6.RELEASE.jar;C:\Users\quelz\.m2\repository\org\springframework\spring-web\5.0.6.RELEASE\spring-web-5.0.6.RELEASE.jar;C:\Users\quelz\.m2\repository\org\springframework\spring-context-support\5.0.6.RELEASE\spring-context-support-5.0.6.RELEASE.jar;C:\Users\quelz\.m2\repository\org\springframework\spring-tx\5.0.6.RELEASE\spring-tx-5.0.6.RELEASE.jar;C:\Users\quelz\.m2\repository\org\springframework\spring-orm\5.0.6.RELEASE\spring-orm-5.0.6.RELEASE.jar;C:\Users\quelz\.m2\repository\org\springframework\spring-jdbc\5.0.6.RELEASE\spring-jdbc-5.0.6.RELEASE.jar;C:\Users\quelz\.m2\repository\org\springframework\security\spring-security-config\5.0.5.RELEASE\spring-security-config-5.0.5.RELEASE.jar;C:\Users\quelz\.m2\repository\org\springframework\security\spring-security-taglibs\5.0.5.RELEASE\spring-security-taglibs-5.0.5.RELEASE.jar;C:\Users\quelz\.m2\repository\org\springframework\security\spring-security-acl\5.0.5.RELEASE\spring-security-acl-5.0.5.RELEASE.jar;C:\Users\quelz\.m2\repository\org\springframework\security\spring-security-web\5.0.5.RELEASE\spring-security-web-5.0.5.RELEASE.jar;C:\Users\quelz\.m2\repository\org\springframework\security\spring-security-core\5.0.5.RELEASE\spring-security-core-5.0.5.RELEASE.jar;C:\Users\quelz\.m2\repository\org\hibernate\hibernate-core\5.2.14.Final\hibernate-core-5.2.14.Final.jar;C:\Users\quelz\.m2\repository\org\jboss\logging\jboss-logging\3.3.1.Final\jboss-logging-3.3.1.Final.jar;C:\Users\quelz\.m2\repository\org\hibernate\javax\persistence\hibernate-jpa-2.1-api\1.0.0.Final\hibernate-jpa-2.1-api-1.0.0.Final.jar;C:\Users\quelz\.m2\repository\org\javassist\javassist\3.22.0-GA\javassist-3.22.0-GA.jar;C:\Users\quelz\.m2\repository\antlr\antlr\2.7.7\antlr-2.7.7.jar;C:\Users\quelz\.m2\repository\org\jboss\spec\javax\transaction\jboss-transaction-api_1.2_spec\1.0.1.Final\jboss-transaction-api_1.2_spec-1.0.1.Final.jar;C:\Users\quelz\.m2\repository\org\jboss\jandex\2.0.3.Final\jandex-2.0.3.Final.jar;C:\Users\quelz\.m2\repository\com\fasterxml\classmate\1.3.0\classmate-1.3.0.jar;C:\Users\quelz\.m2\repository\dom4j\dom4j\1.6.1\dom4j-1.6.1.jar;C:\Users\quelz\.m2\repository\org\hibernate\common\hibernate-commons-annotations\5.0.1.Final\hibernate-commons-annotations-5.0.1.Final.jar;C:\Users\quelz\.m2\repository\org\hibernate\hibernate-entitymanager\5.2.14.Final\hibernate-entitymanager-5.2.14.Final.jar;C:\Users\quelz\.m2\repository\commons-fileupload\commons-fileupload\1.3.3\commons-fileupload-1.3.3.jar;C:\Users\quelz\.m2\repository\commons-io\commons-io\2.2\commons-io-2.2.jar;C:\Users\quelz\.m2\repository\log4j\log4j\1.2.17\log4j-1.2.17.jar;C:\Users\quelz\.m2\repository\com\google\code\gson\gson\2.8.5\gson-2.8.5.jar;C:\Users\quelz\.m2\repository\jstl\jstl\1.2\jstl-1.2.jar;C:\Users\quelz\.m2\repository\javax\mail\javax.mail-api\1.6.1\javax.mail-api-1.6.1.jar;C:\Users\quelz\.m2\repository\javax\activation\activation\1.1\activation-1.1.jar;C:\Users\quelz\.m2\repository\javax\servlet\javax.servlet-api\4.0.1\javax.servlet-api-4.0.1.jar;C:\Users\quelz\.m2\repository\mysql\mysql-connector-java\8.0.11\mysql-connector-java-8.0.11.jar;C:\Users\quelz\.m2\repository\com\google\protobuf\protobuf-java\2.6.0\protobuf-java-2.6.0.jar;"/>
    <property name="java.specification.name" value="Java Platform API Specification"/>
    <property name="java.class.version" value="52.0"/>
    <property name="sun.management.compiler" value="HotSpot 64-Bit Tiered Compilers"/>
    <property name="os.version" value="10.0"/>
    <property name="user.home" value="C:\Users\quelz"/>
    <property name="user.timezone" value="Europe/Helsinki"/>
    <property name="java.awt.printerjob" value="sun.awt.windows.WPrinterJob"/>
    <property name="java.specification.version" value="1.8"/>
    <property name="file.encoding" value="Cp1251"/>
    <property name="user.name" value="quelz"/>
    <property name="java.class.path" value="Q:\work\InfoFromQuel\infoFromQuel\target\test-classes;Q:\work\InfoFromQuel\infoFromQuel\target\classes;C:\Users\quelz\.m2\repository\junit\junit\4.12\junit-4.12.jar;C:\Users\quelz\.m2\repository\org\hamcrest\hamcrest-core\1.3\hamcrest-core-1.3.jar;C:\Users\quelz\.m2\repository\org\mockito\mockito-core\2.20.0\mockito-core-2.20.0.jar;C:\Users\quelz\.m2\repository\net\bytebuddy\byte-buddy\1.8.13\byte-buddy-1.8.13.jar;C:\Users\quelz\.m2\repository\net\bytebuddy\byte-buddy-agent\1.8.13\byte-buddy-agent-1.8.13.jar;C:\Users\quelz\.m2\repository\org\objenesis\objenesis\2.6\objenesis-2.6.jar;C:\Users\quelz\.m2\repository\org\springframework\spring-test\3.2.4.RELEASE\spring-test-3.2.4.RELEASE.jar;C:\Users\quelz\.m2\repository\com\fasterxml\jackson\core\jackson-databind\2.9.5\jackson-databind-2.9.5.jar;C:\Users\quelz\.m2\repository\com\fasterxml\jackson\core\jackson-annotations\2.9.0\jackson-annotations-2.9.0.jar;C:\Users\quelz\.m2\repository\com\fasterxml\jackson\core\jackson-core\2.9.5\jackson-core-2.9.5.jar;C:\Users\quelz\.m2\repository\org\springframework\spring-core\5.0.6.RELEASE\spring-core-5.0.6.RELEASE.jar;C:\Users\quelz\.m2\repository\org\springframework\spring-jcl\5.0.6.RELEASE\spring-jcl-5.0.6.RELEASE.jar;C:\Users\quelz\.m2\repository\org\springframework\spring-context\5.0.6.RELEASE\spring-context-5.0.6.RELEASE.jar;C:\Users\quelz\.m2\repository\org\springframework\spring-aop\5.0.6.RELEASE\spring-aop-5.0.6.RELEASE.jar;C:\Users\quelz\.m2\repository\org\springframework\spring-beans\5.0.6.RELEASE\spring-beans-5.0.6.RELEASE.jar;C:\Users\quelz\.m2\repository\org\springframework\spring-expression\5.0.6.RELEASE\spring-expression-5.0.6.RELEASE.jar;C:\Users\quelz\.m2\repository\org\springframework\spring-webmvc\5.0.6.RELEASE\spring-webmvc-5.0.6.RELEASE.jar;C:\Users\quelz\.m2\repository\org\springframework\spring-web\5.0.6.RELEASE\spring-web-5.0.6.RELEASE.jar;C:\Users\quelz\.m2\repository\org\springframework\spring-context-support\5.0.6.RELEASE\spring-context-support-5.0.6.RELEASE.jar;C:\Users\quelz\.m2\repository\org\springframework\spring-tx\5.0.6.RELEASE\spring-tx-5.0.6.RELEASE.jar;C:\Users\quelz\.m2\repository\org\springframework\spring-orm\5.0.6.RELEASE\spring-orm-5.0.6.RELEASE.jar;C:\Users\quelz\.m2\repository\org\springframework\spring-jdbc\5.0.6.RELEASE\spring-jdbc-5.0.6.RELEASE.jar;C:\Users\quelz\.m2\repository\org\springframework\security\spring-security-config\5.0.5.RELEASE\spring-security-config-5.0.5.RELEASE.jar;C:\Users\quelz\.m2\repository\org\springframework\security\spring-security-taglibs\5.0.5.RELEASE\spring-security-taglibs-5.0.5.RELEASE.jar;C:\Users\quelz\.m2\repository\org\springframework\security\spring-security-acl\5.0.5.RELEASE\spring-security-acl-5.0.5.RELEASE.jar;C:\Users\quelz\.m2\repository\org\springframework\security\spring-security-web\5.0.5.RELEASE\spring-security-web-5.0.5.RELEASE.jar;C:\Users\quelz\.m2\repository\org\springframework\security\spring-security-core\5.0.5.RELEASE\spring-security-core-5.0.5.RELEASE.jar;C:\Users\quelz\.m2\repository\org\hibernate\hibernate-core\5.2.14.Final\hibernate-core-5.2.14.Final.jar;C:\Users\quelz\.m2\repository\org\jboss\logging\jboss-logging\3.3.1.Final\jboss-logging-3.3.1.Final.jar;C:\Users\quelz\.m2\repository\org\hibernate\javax\persistence\hibernate-jpa-2.1-api\1.0.0.Final\hibernate-jpa-2.1-api-1.0.0.Final.jar;C:\Users\quelz\.m2\repository\org\javassist\javassist\3.22.0-GA\javassist-3.22.0-GA.jar;C:\Users\quelz\.m2\repository\antlr\antlr\2.7.7\antlr-2.7.7.jar;C:\Users\quelz\.m2\repository\org\jboss\spec\javax\transaction\jboss-transaction-api_1.2_spec\1.0.1.Final\jboss-transaction-api_1.2_spec-1.0.1.Final.jar;C:\Users\quelz\.m2\repository\org\jboss\jandex\2.0.3.Final\jandex-2.0.3.Final.jar;C:\Users\quelz\.m2\repository\com\fasterxml\classmate\1.3.0\classmate-1.3.0.jar;C:\Users\quelz\.m2\repository\dom4j\dom4j\1.6.1\dom4j-1.6.1.jar;C:\Users\quelz\.m2\repository\org\hibernate\common\hibernate-commons-annotations\5.0.1.Final\hibernate-commons-annotations-5.0.1.Final.jar;C:\Users\quelz\.m2\repository\org\hibernate\hibernate-entitymanager\5.2.14.Final\hibernate-entitymanager-5.2.14.Final.jar;C:\Users\quelz\.m2\repository\commons-fileupload\commons-fileupload\1.3.3\commons-fileupload-1.3.3.jar;C:\Users\quelz\.m2\repository\commons-io\commons-io\2.2\commons-io-2.2.jar;C:\Users\quelz\.m2\repository\log4j\log4j\1.2.17\log4j-1.2.17.jar;C:\Users\quelz\.m2\repository\com\google\code\gson\gson\2.8.5\gson-2.8.5.jar;C:\Users\quelz\.m2\repository\jstl\jstl\1.2\jstl-1.2.jar;C:\Users\quelz\.m2\repository\javax\mail\javax.mail-api\1.6.1\javax.mail-api-1.6.1.jar;C:\Users\quelz\.m2\repository\javax\activation\activation\1.1\activation-1.1.jar;C:\Users\quelz\.m2\repository\javax\servlet\javax.servlet-api\4.0.1\javax.servlet-api-4.0.1.jar;C:\Users\quelz\.m2\repository\mysql\mysql-connector-java\8.0.11\mysql-connector-java-8.0.11.jar;C:\Users\quelz\.m2\repository\com\google\protobuf\protobuf-java\2.6.0\protobuf-java-2.6.0.jar;"/>
    <property name="java.vm.specification.version" value="1.8"/>
    <property name="sun.arch.data.model" value="64"/>
    <property name="java.home" value="C:\Program Files\Java\jdk1.8.0_141\jre"/>
    <property name="sun.java.command" value="Q:\work\InfoFromQuel\infoFromQuel\target\surefire\surefirebooter6631807984608841872.jar Q:\work\InfoFromQuel\infoFromQuel\target\surefire\surefire148564224737756623tmp Q:\work\InfoFromQuel\infoFromQuel\target\surefire\surefire4514558613788395797tmp"/>
    <property name="java.specification.vendor" value="Oracle Corporation"/>
    <property name="user.language" value="ru"/>
    <property name="awt.toolkit" value="sun.awt.windows.WToolkit"/>
    <property name="java.vm.info" value="mixed mode"/>
    <property name="java.version" value="1.8.0_141"/>
    <property name="java.ext.dirs" value="C:\Program Files\Java\jdk1.8.0_141\jre\lib\ext;C:\WINDOWS\Sun\Java\lib\ext"/>
    <property name="sun.boot.class.path" value="C:\Program Files\Java\jdk1.8.0_141\jre\lib\resources.jar;C:\Program Files\Java\jdk1.8.0_141\jre\lib\rt.jar;C:\Program Files\Java\jdk1.8.0_141\jre\lib\sunrsasign.jar;C:\Program Files\Java\jdk1.8.0_141\jre\lib\jsse.jar;C:\Program Files\Java\jdk1.8.0_141\jre\lib\jce.jar;C:\Program Files\Java\jdk1.8.0_141\jre\lib\charsets.jar;C:\Program Files\Java\jdk1.8.0_141\jre\lib\jfr.jar;C:\Program Files\Java\jdk1.8.0_141\jre\classes"/>
    <property name="java.vendor" value="Oracle Corporation"/>
    <property name="localRepository" value="C:\Users\quelz\.m2\repository"/>
    <property name="file.separator" value="\"/>
    <property name="java.vendor.url.bug" value="http://bugreport.sun.com/bugreport/"/>
    <property name="sun.cpu.endian" value="little"/>
    <property name="sun.io.unicode.encoding" value="UnicodeLittle"/>
    <property name="sun.desktop" value="windows"/>
    <property name="sun.cpu.isalist" value="amd64"/>
  </properties>
  <testcase classname="com.infofromquel.APP" name="testController" time="6.479"/>
  <testcase classname="com.infofromquel.APP" name="testControllerWithData" time="6.49">
    <skipped/>
  </testcase>
</testsuite>